Arguments: 
  /usr/bin/node /usr/lib/node_modules/yarn/bin/yarn.js run dev-server

PATH: 
  /home/faizulhassan/.local/bin:/usr/local/bin:/usr/local/sbin:/usr/bin:/usr/lib/jvm/default/bin:/usr/bin/site_perl:/usr/bin/vendor_perl:/usr/bin/core_perl

Yarn version: 
  1.22.10

Node version: 
  15.6.0

Platform: 
  linux x64

Trace: 
  SyntaxError: /home/faizulhassan/Documents/dev/superleader/package.json: Unexpected end of JSON input
      at JSON.parse (<anonymous>)
      at /usr/lib/node_modules/yarn/lib/cli.js:1625:59
      at Generator.next (<anonymous>)
      at step (/usr/lib/node_modules/yarn/lib/cli.js:310:30)
      at /usr/lib/node_modules/yarn/lib/cli.js:321:13

npm manifest: 
  {
    "name": "mernlogin",
    "version": "1.0.0",
    "description": "",
    "main": "index.js",
    "scripts": {
      "dev-server": "nodemon server.js"
    },
    "author": "",
    "license": "ISC",
    "dependencies": {
      "bcryptjs": "^2.4.3",
      "body-parser": "^1.19.0",
      "cookie-parser": "^1.4.5",
      "cors": "^2.8.5",
      "dotenv": "^8.2.0",
      "express": "^4.17.1",
      "express-graphql": "^0.12.0",
      "graphql": "^15.5.0",
      "jsonwebtoken": "^8.5.1",
      "mongoose": "^5.11.15",
      "morgan": "^1.10.0"
    },
    "devDependencies": {
      "nodemon": "^2.0.7"
    }
  }

yarn manifest: 
  No manifest

Lockfile: 
  No lockfile
